<?xml version="1.0" encoding="UTF-8"?>
<!-- Generated by org.testng.reporters.JUnitReportReporter -->
<testsuite hostname="LAPTOP-GFCSV8H4" failures="0" tests="4" name="regressionTestCases.IndexPageTest" time="186.447" errors="0" timestamp="2022-08-31T16:18:48 IST" skipped="0">
  <testcase classname="regressionTestCases.IndexPageTest" name="verifyTitle" time="0.012"/>
  <system-out/>
  <testcase classname="regressionTestCases.IndexPageTest" name="verifySliderNxtClick" time="73.431"/>
  <system-out/>
  <testcase classname="regressionTestCases.IndexPageTest" name="verifyLogo" time="4.649"/>
  <system-out/>
  <testcase classname="regressionTestCases.IndexPageTest" name="verifyonSale" time="108.355"/>
  <system-out/>
</testsuite> <!-- regressionTestCases.IndexPageTest -->
