<?xml version="1.0" encoding="UTF-8"?>
<!-- Generated by org.testng.reporters.JUnitReportReporter -->
<testsuite hostname="LAPTOP-GFCSV8H4" failures="0" tests="6" name="regressionTestCases.AboutUsTest" time="318.302" errors="0" timestamp="2022-06-16T15:41:37 IST" skipped="0">
  <testcase classname="regressionTestCases.AboutUsTest" name="verifyOurTestTitle" time="38.364"/>
  <system-out/>
  <testcase classname="regressionTestCases.AboutUsTest" name="verifyimgDisplay" time="56.136"/>
  <system-out/>
  <testcase classname="regressionTestCases.AboutUsTest" name="verifyAboutusTitle" time="56.767"/>
  <system-out/>
  <testcase classname="regressionTestCases.AboutUsTest" name="verifyOurTeamTitle" time="49.598"/>
  <system-out/>
  <testcase classname="regressionTestCases.AboutUsTest" name="verifyTextMsgDisplay" time="48.984"/>
  <system-out/>
  <testcase classname="regressionTestCases.AboutUsTest" name="verifyOurCompanyTitle" time="68.453"/>
  <system-out/>
</testsuite> <!-- regressionTestCases.AboutUsTest -->
