<?xml version="1.0" encoding="UTF-8"?>
<!-- Generated by org.testng.reporters.JUnitReportReporter -->
<testsuite hostname="LAPTOP-GFCSV8H4" failures="0" tests="1" name="regressionTestCases.OrderPageTest" time="144.858" errors="0" timestamp="2022-06-16T15:57:38 IST" skipped="0">
  <testcase classname="regressionTestCases.OrderPageTest" name="verifyisAddToCartMsgDisplay" time="144.858"/>
  <system-out/>
</testsuite> <!-- regressionTestCases.OrderPageTest -->
